<?xml version="1.0" encoding="UTF-8"?>
<!-- Generated by org.testng.reporters.JUnitXMLReporter -->
<testsuite hostname="ByPhone" name="Default test" tests="4" failures="0" timestamp="28 Mar 2015 16:14:42 GMT" time="13.215" errors="0">
  <testcase name="ActionTest" time="13.173" classname="testt.GridMapTest"/>
  <testcase name="rangeToObstacleTest" time="0.003" classname="testt.GridMapTest"/>
  <testcase name="rectangularMapTest" time="0.006" classname="testt.GridMapTest"/>
  <testcase name="testMapTest" time="0.008" classname="testt.GridMapTest"/>
</testsuite> <!-- Default test -->
